<?xml version="1.0" encoding="UTF-8"?>
<!-- Generated by org.testng.reporters.JUnitReportReporter -->
<testsuite skipped="0" hostname="Srijit" name="com.crm.qa.testcases.LoginPageTest" tests="3" failures="0" timestamp="13 Dec 2018 16:38:00 GMT" time="32.238" errors="0">
  <testcase name="validateLoginPageTittleTest" time="8.707" classname="com.crm.qa.testcases.LoginPageTest"/>
  <testcase name="validateImageTest" time="12.765" classname="com.crm.qa.testcases.LoginPageTest"/>
  <testcase name="loginTest" time="10.766" classname="com.crm.qa.testcases.LoginPageTest"/>
</testsuite> <!-- com.crm.qa.testcases.LoginPageTest -->
