<?xml version="1.0" encoding="UTF-8"?>
<!-- Generated by org.testng.reporters.JUnitReportReporter -->
<testsuite skipped="0" hostname="Srijit" name="com.crm.qa.testcases.LoginPageTest" tests="3" failures="0" timestamp="13 Dec 2018 16:32:18 GMT" time="39.664" errors="0">
  <testcase name="validateLoginPageTittleTest" time="12.138" classname="com.crm.qa.testcases.LoginPageTest"/>
  <testcase name="validateImageTest" time="14.569" classname="com.crm.qa.testcases.LoginPageTest"/>
  <testcase name="loginTest" time="12.957" classname="com.crm.qa.testcases.LoginPageTest"/>
</testsuite> <!-- com.crm.qa.testcases.LoginPageTest -->
